Analysis & Synthesis report for ALU
Sat Sep 16 10:17:51 2023
Quartus Prime Version 22.1std.2 Build 922 07/20/2023 SC Lite Edition


---------------------
; Table of Contents ;
---------------------
  1. Legal Notice
  2. Analysis & Synthesis Summary
  3. Analysis & Synthesis Settings
  4. Parallel Compilation
  5. Analysis & Synthesis Source Files Read
  6. Analysis & Synthesis Resource Usage Summary
  7. Analysis & Synthesis Resource Utilization by Entity
  8. Analysis & Synthesis DSP Block Usage Summary
  9. General Register Statistics
 10. Multiplexer Restructuring Statistics (Restructuring Performed)
 11. Parameter Settings for Inferred Entity Instance: lpm_mult:Mult0
 12. lpm_mult Parameter Settings by Entity Instance
 13. Post-Synthesis Netlist Statistics for Top Partition
 14. Elapsed Time Per Partition
 15. Analysis & Synthesis Messages
 16. Analysis & Synthesis Suppressed Messages



----------------
; Legal Notice ;
----------------
Copyright (C) 2023  Intel Corporation. All rights reserved.
Your use of Intel Corporation's design tools, logic functions 
and other software and tools, and any partner logic 
functions, and any output files from any of the foregoing 
(including device programming or simulation files), and any 
associated documentation or information are expressly subject 
to the terms and conditions of the Intel Program License 
Subscription Agreement, the Intel Quartus Prime License Agreement,
the Intel FPGA IP License Agreement, or other applicable license
agreement, including, without limitation, that your use is for
the sole purpose of programming logic devices manufactured by
Intel and sold by Intel or its authorized distributors.  Please
refer to the applicable agreement for further details, at
https://fpgasoftware.intel.com/eula.



+-------------------------------------------------------------------------------------+
; Analysis & Synthesis Summary                                                        ;
+------------------------------------+------------------------------------------------+
; Analysis & Synthesis Status        ; Successful - Sat Sep 16 10:17:50 2023          ;
; Quartus Prime Version              ; 22.1std.2 Build 922 07/20/2023 SC Lite Edition ;
; Revision Name                      ; ALU                                            ;
; Top-level Entity Name              ; multiplierunit                                 ;
; Family                             ; MAX 10                                         ;
; Total logic elements               ; 150                                            ;
;     Total combinational functions  ; 150                                            ;
;     Dedicated logic registers      ; 0                                              ;
; Total registers                    ; 0                                              ;
; Total pins                         ; 96                                             ;
; Total virtual pins                 ; 0                                              ;
; Total memory bits                  ; 0                                              ;
; Embedded Multiplier 9-bit elements ; 7                                              ;
; Total PLLs                         ; 0                                              ;
; UFM blocks                         ; 0                                              ;
; ADC blocks                         ; 0                                              ;
+------------------------------------+------------------------------------------------+


+------------------------------------------------------------------------------------------------------------+
; Analysis & Synthesis Settings                                                                              ;
+------------------------------------------------------------------+--------------------+--------------------+
; Option                                                           ; Setting            ; Default Value      ;
+------------------------------------------------------------------+--------------------+--------------------+
; Device                                                           ; 10M50DAF484C7G     ;                    ;
; Top-level entity name                                            ; multiplierunit     ; ALU                ;
; Family name                                                      ; MAX 10             ; Cyclone V          ;
; Use smart compilation                                            ; Off                ; Off                ;
; Enable parallel Assembler and Timing Analyzer during compilation ; On                 ; On                 ;
; Enable compact report table                                      ; Off                ; Off                ;
; Restructure Multiplexers                                         ; Auto               ; Auto               ;
; Create Debugging Nodes for IP Cores                              ; Off                ; Off                ;
; Preserve fewer node names                                        ; On                 ; On                 ;
; Intel FPGA IP Evaluation Mode                                    ; Enable             ; Enable             ;
; Verilog Version                                                  ; Verilog_2001       ; Verilog_2001       ;
; VHDL Version                                                     ; VHDL_1993          ; VHDL_1993          ;
; State Machine Processing                                         ; Auto               ; Auto               ;
; Safe State Machine                                               ; Off                ; Off                ;
; Extract Verilog State Machines                                   ; On                 ; On                 ;
; Extract VHDL State Machines                                      ; On                 ; On                 ;
; Ignore Verilog initial constructs                                ; Off                ; Off                ;
; Iteration limit for constant Verilog loops                       ; 5000               ; 5000               ;
; Iteration limit for non-constant Verilog loops                   ; 250                ; 250                ;
; Add Pass-Through Logic to Inferred RAMs                          ; On                 ; On                 ;
; Infer RAMs from Raw Logic                                        ; On                 ; On                 ;
; Parallel Synthesis                                               ; On                 ; On                 ;
; DSP Block Balancing                                              ; Auto               ; Auto               ;
; NOT Gate Push-Back                                               ; On                 ; On                 ;
; Power-Up Don't Care                                              ; On                 ; On                 ;
; Remove Redundant Logic Cells                                     ; Off                ; Off                ;
; Remove Duplicate Registers                                       ; On                 ; On                 ;
; Ignore CARRY Buffers                                             ; Off                ; Off                ;
; Ignore CASCADE Buffers                                           ; Off                ; Off                ;
; Ignore GLOBAL Buffers                                            ; Off                ; Off                ;
; Ignore ROW GLOBAL Buffers                                        ; Off                ; Off                ;
; Ignore LCELL Buffers                                             ; Off                ; Off                ;
; Ignore SOFT Buffers                                              ; On                 ; On                 ;
; Limit AHDL Integers to 32 Bits                                   ; Off                ; Off                ;
; Optimization Technique                                           ; Balanced           ; Balanced           ;
; Carry Chain Length                                               ; 70                 ; 70                 ;
; Auto Carry Chains                                                ; On                 ; On                 ;
; Auto Open-Drain Pins                                             ; On                 ; On                 ;
; Perform WYSIWYG Primitive Resynthesis                            ; Off                ; Off                ;
; Auto ROM Replacement                                             ; On                 ; On                 ;
; Auto RAM Replacement                                             ; On                 ; On                 ;
; Auto DSP Block Replacement                                       ; On                 ; On                 ;
; Auto Shift Register Replacement                                  ; Auto               ; Auto               ;
; Allow Shift Register Merging across Hierarchies                  ; Auto               ; Auto               ;
; Auto Clock Enable Replacement                                    ; On                 ; On                 ;
; Strict RAM Replacement                                           ; Off                ; Off                ;
; Allow Synchronous Control Signals                                ; On                 ; On                 ;
; Force Use of Synchronous Clear Signals                           ; Off                ; Off                ;
; Auto RAM Block Balancing                                         ; On                 ; On                 ;
; Auto RAM to Logic Cell Conversion                                ; Off                ; Off                ;
; Auto Resource Sharing                                            ; Off                ; Off                ;
; Allow Any RAM Size For Recognition                               ; Off                ; Off                ;
; Allow Any ROM Size For Recognition                               ; Off                ; Off                ;
; Allow Any Shift Register Size For Recognition                    ; Off                ; Off                ;
; Use LogicLock Constraints during Resource Balancing              ; On                 ; On                 ;
; Ignore translate_off and synthesis_off directives                ; Off                ; Off                ;
; Timing-Driven Synthesis                                          ; On                 ; On                 ;
; Report Parameter Settings                                        ; On                 ; On                 ;
; Report Source Assignments                                        ; On                 ; On                 ;
; Report Connectivity Checks                                       ; On                 ; On                 ;
; Ignore Maximum Fan-Out Assignments                               ; Off                ; Off                ;
; Synchronization Register Chain Length                            ; 2                  ; 2                  ;
; Power Optimization During Synthesis                              ; Normal compilation ; Normal compilation ;
; HDL message level                                                ; Level2             ; Level2             ;
; Suppress Register Optimization Related Messages                  ; Off                ; Off                ;
; Number of Removed Registers Reported in Synthesis Report         ; 5000               ; 5000               ;
; Number of Swept Nodes Reported in Synthesis Report               ; 5000               ; 5000               ;
; Number of Inverted Registers Reported in Synthesis Report        ; 100                ; 100                ;
; Clock MUX Protection                                             ; On                 ; On                 ;
; Auto Gated Clock Conversion                                      ; Off                ; Off                ;
; Block Design Naming                                              ; Auto               ; Auto               ;
; SDC constraint protection                                        ; Off                ; Off                ;
; Synthesis Effort                                                 ; Auto               ; Auto               ;
; Shift Register Replacement - Allow Asynchronous Clear Signal     ; On                 ; On                 ;
; Pre-Mapping Resynthesis Optimization                             ; Off                ; Off                ;
; Analysis & Synthesis Message Level                               ; Medium             ; Medium             ;
; Disable Register Merging Across Hierarchies                      ; Auto               ; Auto               ;
; Resource Aware Inference For Block RAM                           ; On                 ; On                 ;
+------------------------------------------------------------------+--------------------+--------------------+


+------------------------------------------+
; Parallel Compilation                     ;
+----------------------------+-------------+
; Processors                 ; Number      ;
+----------------------------+-------------+
; Number detected on machine ; 8           ;
; Maximum allowed            ; 8           ;
;                            ;             ;
; Average used               ; 1.00        ;
; Maximum used               ; 1           ;
;                            ;             ;
; Usage by Processor         ; % Time Used ;
;     Processor 1            ; 100.0%      ;
+----------------------------+-------------+


+--------------------------------------------------------------------------------------------------------------------------------------------------------------------------------------------------------------------------------------+
; Analysis & Synthesis Source Files Read                                                                                                                                                                                               ;
+----------------------------------+-----------------+------------------------------+----------------------------------------------------------------------------------------------------------------------------------------+---------+
; File Name with User-Entered Path ; Used in Netlist ; File Type                    ; File Name with Absolute Path                                                                                                           ; Library ;
+----------------------------------+-----------------+------------------------------+----------------------------------------------------------------------------------------------------------------------------------------+---------+
; multiplierunit.sv                ; yes             ; User SystemVerilog HDL File  ; C:/Users/johan/OneDrive - Universidad de Antioquia/Semestre VI/Elec. Digital II/Laboratorio/Digital_II/Practica_2/P2/multiplierunit.sv ;         ;
; lpm_mult.tdf                     ; yes             ; Megafunction                 ; c:/intelfpga_lite/22.1std/quartus/libraries/megafunctions/lpm_mult.tdf                                                                 ;         ;
; aglobal221.inc                   ; yes             ; Megafunction                 ; c:/intelfpga_lite/22.1std/quartus/libraries/megafunctions/aglobal221.inc                                                               ;         ;
; lpm_add_sub.inc                  ; yes             ; Megafunction                 ; c:/intelfpga_lite/22.1std/quartus/libraries/megafunctions/lpm_add_sub.inc                                                              ;         ;
; multcore.inc                     ; yes             ; Megafunction                 ; c:/intelfpga_lite/22.1std/quartus/libraries/megafunctions/multcore.inc                                                                 ;         ;
; bypassff.inc                     ; yes             ; Megafunction                 ; c:/intelfpga_lite/22.1std/quartus/libraries/megafunctions/bypassff.inc                                                                 ;         ;
; altshift.inc                     ; yes             ; Megafunction                 ; c:/intelfpga_lite/22.1std/quartus/libraries/megafunctions/altshift.inc                                                                 ;         ;
; db/mult_1os.tdf                  ; yes             ; Auto-Generated Megafunction  ; C:/Users/johan/OneDrive - Universidad de Antioquia/Semestre VI/Elec. Digital II/Laboratorio/Digital_II/Practica_2/P2/db/mult_1os.tdf   ;         ;
+----------------------------------+-----------------+------------------------------+----------------------------------------------------------------------------------------------------------------------------------------+---------+


+----------------------------------------------------------------------------------------------+
; Analysis & Synthesis Resource Usage Summary                                                  ;
+---------------------------------------------+------------------------------------------------+
; Resource                                    ; Usage                                          ;
+---------------------------------------------+------------------------------------------------+
; Estimated Total logic elements              ; 150                                            ;
;                                             ;                                                ;
; Total combinational functions               ; 150                                            ;
; Logic element usage by number of LUT inputs ;                                                ;
;     -- 4 input functions                    ; 56                                             ;
;     -- 3 input functions                    ; 69                                             ;
;     -- <=2 input functions                  ; 25                                             ;
;                                             ;                                                ;
; Logic elements by mode                      ;                                                ;
;     -- normal mode                          ; 76                                             ;
;     -- arithmetic mode                      ; 74                                             ;
;                                             ;                                                ;
; Total registers                             ; 0                                              ;
;     -- Dedicated logic registers            ; 0                                              ;
;     -- I/O registers                        ; 0                                              ;
;                                             ;                                                ;
; I/O pins                                    ; 96                                             ;
;                                             ;                                                ;
; Embedded Multiplier 9-bit elements          ; 7                                              ;
;                                             ;                                                ;
; Maximum fan-out node                        ; lpm_mult:Mult0|mult_1os:auto_generated|op_1~58 ;
; Maximum fan-out                             ; 39                                             ;
; Total fan-out                               ; 700                                            ;
; Average fan-out                             ; 2.00                                           ;
+---------------------------------------------+------------------------------------------------+


+-------------------------------------------------------------------------------------------------------------------------------------------------------------------------------------------------------------------------------------------------------------------------------+
; Analysis & Synthesis Resource Utilization by Entity                                                                                                                                                                                                                           ;
+---------------------------------+---------------------+---------------------------+-------------+------------+--------------+---------+-----------+------+--------------+------------+--------------------------------------------------------+----------------+--------------+
; Compilation Hierarchy Node      ; Combinational ALUTs ; Dedicated Logic Registers ; Memory Bits ; UFM Blocks ; DSP Elements ; DSP 9x9 ; DSP 18x18 ; Pins ; Virtual Pins ; ADC blocks ; Full Hierarchy Name                                    ; Entity Name    ; Library Name ;
+---------------------------------+---------------------+---------------------------+-------------+------------+--------------+---------+-----------+------+--------------+------------+--------------------------------------------------------+----------------+--------------+
; |multiplierunit                 ; 150 (95)            ; 0 (0)                     ; 0           ; 0          ; 7            ; 1       ; 3         ; 96   ; 0            ; 0          ; |multiplierunit                                        ; multiplierunit ; work         ;
;    |lpm_mult:Mult0|             ; 55 (0)              ; 0 (0)                     ; 0           ; 0          ; 7            ; 1       ; 3         ; 0    ; 0            ; 0          ; |multiplierunit|lpm_mult:Mult0                         ; lpm_mult       ; work         ;
;       |mult_1os:auto_generated| ; 55 (55)             ; 0 (0)                     ; 0           ; 0          ; 7            ; 1       ; 3         ; 0    ; 0            ; 0          ; |multiplierunit|lpm_mult:Mult0|mult_1os:auto_generated ; mult_1os       ; work         ;
+---------------------------------+---------------------+---------------------------+-------------+------------+--------------+---------+-----------+------+--------------+------------+--------------------------------------------------------+----------------+--------------+
Note: For table entries with two numbers listed, the numbers in parentheses indicate the number of resources of the given type used by the specific entity alone. The numbers listed outside of parentheses indicate the total resources of the given type used by the specific entity and all of its sub-entities in the hierarchy.


+-----------------------------------------------------+
; Analysis & Synthesis DSP Block Usage Summary        ;
+---------------------------------------+-------------+
; Statistic                             ; Number Used ;
+---------------------------------------+-------------+
; Simple Multipliers (9-bit)            ; 1           ;
; Simple Multipliers (18-bit)           ; 3           ;
; Embedded Multiplier Blocks            ; --          ;
; Embedded Multiplier 9-bit elements    ; 7           ;
; Signed Embedded Multipliers           ; 0           ;
; Unsigned Embedded Multipliers         ; 4           ;
; Mixed Sign Embedded Multipliers       ; 0           ;
; Variable Sign Embedded Multipliers    ; 0           ;
; Dedicated Input Shift Register Chains ; 0           ;
+---------------------------------------+-------------+
Note: number of Embedded Multiplier Blocks used is only available after a successful fit.


+------------------------------------------------------+
; General Register Statistics                          ;
+----------------------------------------------+-------+
; Statistic                                    ; Value ;
+----------------------------------------------+-------+
; Total registers                              ; 0     ;
; Number of registers using Synchronous Clear  ; 0     ;
; Number of registers using Synchronous Load   ; 0     ;
; Number of registers using Asynchronous Clear ; 0     ;
; Number of registers using Asynchronous Load  ; 0     ;
; Number of registers using Clock Enable       ; 0     ;
; Number of registers using Preset             ; 0     ;
+----------------------------------------------+-------+


+------------------------------------------------------------------------------------------------------------------------------------------+
; Multiplexer Restructuring Statistics (Restructuring Performed)                                                                           ;
+--------------------+-----------+---------------+----------------------+------------------------+------------+----------------------------+
; Multiplexer Inputs ; Bus Width ; Baseline Area ; Area if Restructured ; Saving if Restructured ; Registered ; Example Multiplexer Output ;
+--------------------+-----------+---------------+----------------------+------------------------+------------+----------------------------+
; 3:1                ; 22 bits   ; 44 LEs        ; 44 LEs               ; 0 LEs                  ; No         ; |multiplierunit|fraccR     ;
; 3:1                ; 8 bits    ; 16 LEs        ; 16 LEs               ; 0 LEs                  ; No         ; |multiplierunit|expR       ;
+--------------------+-----------+---------------+----------------------+------------------------+------------+----------------------------+


+---------------------------------------------------------------------------------+
; Parameter Settings for Inferred Entity Instance: lpm_mult:Mult0                 ;
+------------------------------------------------+----------+---------------------+
; Parameter Name                                 ; Value    ; Type                ;
+------------------------------------------------+----------+---------------------+
; AUTO_CARRY_CHAINS                              ; ON       ; AUTO_CARRY          ;
; IGNORE_CARRY_BUFFERS                           ; OFF      ; IGNORE_CARRY        ;
; AUTO_CASCADE_CHAINS                            ; ON       ; AUTO_CASCADE        ;
; IGNORE_CASCADE_BUFFERS                         ; OFF      ; IGNORE_CASCADE      ;
; LPM_WIDTHA                                     ; 24       ; Untyped             ;
; LPM_WIDTHB                                     ; 24       ; Untyped             ;
; LPM_WIDTHP                                     ; 48       ; Untyped             ;
; LPM_WIDTHR                                     ; 48       ; Untyped             ;
; LPM_WIDTHS                                     ; 1        ; Untyped             ;
; LPM_REPRESENTATION                             ; UNSIGNED ; Untyped             ;
; LPM_PIPELINE                                   ; 0        ; Untyped             ;
; LATENCY                                        ; 0        ; Untyped             ;
; INPUT_A_IS_CONSTANT                            ; NO       ; Untyped             ;
; INPUT_B_IS_CONSTANT                            ; NO       ; Untyped             ;
; USE_EAB                                        ; OFF      ; Untyped             ;
; MAXIMIZE_SPEED                                 ; 5        ; Untyped             ;
; DEVICE_FAMILY                                  ; MAX 10   ; Untyped             ;
; CARRY_CHAIN                                    ; MANUAL   ; Untyped             ;
; APEX20K_TECHNOLOGY_MAPPER                      ; LUT      ; TECH_MAPPER_APEX20K ;
; DEDICATED_MULTIPLIER_CIRCUITRY                 ; AUTO     ; Untyped             ;
; DEDICATED_MULTIPLIER_MIN_INPUT_WIDTH_FOR_AUTO  ; 0        ; Untyped             ;
; DEDICATED_MULTIPLIER_MIN_OUTPUT_WIDTH_FOR_AUTO ; 0        ; Untyped             ;
; CBXI_PARAMETER                                 ; mult_1os ; Untyped             ;
; INPUT_A_FIXED_VALUE                            ; Bx       ; Untyped             ;
; INPUT_B_FIXED_VALUE                            ; Bx       ; Untyped             ;
; USE_AHDL_IMPLEMENTATION                        ; OFF      ; Untyped             ;
+------------------------------------------------+----------+---------------------+
Note: In order to hide this table in the UI and the text report file, please set the "Show Parameter Settings in Synthesis Report" option in "Analysis and Synthesis Settings -> More Settings" to "Off".


+--------------------------------------------------------+
; lpm_mult Parameter Settings by Entity Instance         ;
+---------------------------------------+----------------+
; Name                                  ; Value          ;
+---------------------------------------+----------------+
; Number of entity instances            ; 1              ;
; Entity Instance                       ; lpm_mult:Mult0 ;
;     -- LPM_WIDTHA                     ; 24             ;
;     -- LPM_WIDTHB                     ; 24             ;
;     -- LPM_WIDTHP                     ; 48             ;
;     -- LPM_REPRESENTATION             ; UNSIGNED       ;
;     -- INPUT_A_IS_CONSTANT            ; NO             ;
;     -- INPUT_B_IS_CONSTANT            ; NO             ;
;     -- USE_EAB                        ; OFF            ;
;     -- DEDICATED_MULTIPLIER_CIRCUITRY ; AUTO           ;
;     -- INPUT_A_FIXED_VALUE            ; Bx             ;
;     -- INPUT_B_FIXED_VALUE            ; Bx             ;
+---------------------------------------+----------------+


+-----------------------------------------------------+
; Post-Synthesis Netlist Statistics for Top Partition ;
+-----------------------+-----------------------------+
; Type                  ; Count                       ;
+-----------------------+-----------------------------+
; boundary_port         ; 96                          ;
; cycloneiii_lcell_comb ; 150                         ;
;     arith             ; 74                          ;
;         2 data inputs ; 18                          ;
;         3 data inputs ; 56                          ;
;     normal            ; 76                          ;
;         0 data inputs ; 1                           ;
;         1 data inputs ; 3                           ;
;         2 data inputs ; 3                           ;
;         3 data inputs ; 13                          ;
;         4 data inputs ; 56                          ;
; cycloneiii_mac_mult   ; 4                           ;
; cycloneiii_mac_out    ; 4                           ;
;                       ;                             ;
; Max LUT depth         ; 8.00                        ;
; Average LUT depth     ; 4.85                        ;
+-----------------------+-----------------------------+


+-------------------------------+
; Elapsed Time Per Partition    ;
+----------------+--------------+
; Partition Name ; Elapsed Time ;
+----------------+--------------+
; Top            ; 00:00:01     ;
+----------------+--------------+


+-------------------------------+
; Analysis & Synthesis Messages ;
+-------------------------------+
Info: *******************************************************************
Info: Running Quartus Prime Analysis & Synthesis
    Info: Version 22.1std.2 Build 922 07/20/2023 SC Lite Edition
    Info: Processing started: Sat Sep 16 10:17:37 2023
Info: Command: quartus_map --read_settings_files=on --write_settings_files=off ALU -c ALU
Warning (18236): Number of processors has not been specified which may cause overloading on shared machines.  Set the global assignment NUM_PARALLEL_PROCESSORS in your QSF to an appropriate value for best performance.
Info (20030): Parallel compilation is enabled and will use 8 of the 8 processors detected
Info (12021): Found 2 design units, including 2 entities, in source file multiplierunit.sv
    Info (12023): Found entity 1: multiplierunit File: C:/Users/johan/OneDrive - Universidad de Antioquia/Semestre VI/Elec. Digital II/Laboratorio/Digital_II/Practica_2/P2/multiplierunit.sv Line: 4
    Info (12023): Found entity 2: tb_multiplierunit File: C:/Users/johan/OneDrive - Universidad de Antioquia/Semestre VI/Elec. Digital II/Laboratorio/Digital_II/Practica_2/P2/multiplierunit.sv Line: 77
Info (12021): Found 1 design units, including 1 entities, in source file cntdiv_n.sv
    Info (12023): Found entity 1: cntdiv_n File: C:/Users/johan/OneDrive - Universidad de Antioquia/Semestre VI/Elec. Digital II/Laboratorio/Digital_II/Practica_2/P2/cntdiv_n.sv Line: 1
Info (12021): Found 1 design units, including 1 entities, in source file alu.sv
    Info (12023): Found entity 1: alu File: C:/Users/johan/OneDrive - Universidad de Antioquia/Semestre VI/Elec. Digital II/Laboratorio/Digital_II/Practica_2/P2/alu.sv Line: 1
Info (12021): Found 2 design units, including 2 entities, in source file main.sv
    Info (12023): Found entity 1: main File: C:/Users/johan/OneDrive - Universidad de Antioquia/Semestre VI/Elec. Digital II/Laboratorio/Digital_II/Practica_2/P2/main.sv Line: 1
    Info (12023): Found entity 2: tb_main File: C:/Users/johan/OneDrive - Universidad de Antioquia/Semestre VI/Elec. Digital II/Laboratorio/Digital_II/Practica_2/P2/main.sv Line: 73
Info (12021): Found 1 design units, including 1 entities, in source file pulse.sv
    Info (12023): Found entity 1: pulse File: C:/Users/johan/OneDrive - Universidad de Antioquia/Semestre VI/Elec. Digital II/Laboratorio/Digital_II/Practica_2/P2/pulse.sv Line: 1
Info (12021): Found 1 design units, including 1 entities, in source file deco7seg.sv
    Info (12023): Found entity 1: deco7seg_hexa File: C:/Users/johan/OneDrive - Universidad de Antioquia/Semestre VI/Elec. Digital II/Laboratorio/Digital_II/Practica_2/P2/deco7seg.sv Line: 1
Info (12127): Elaborating entity "multiplierunit" for the top level hierarchy
Warning (10230): Verilog HDL assignment warning at multiplierunit.sv(35): truncated value with size 32 to match size of target (8) File: C:/Users/johan/OneDrive - Universidad de Antioquia/Semestre VI/Elec. Digital II/Laboratorio/Digital_II/Practica_2/P2/multiplierunit.sv Line: 35
Warning (10230): Verilog HDL assignment warning at multiplierunit.sv(62): truncated value with size 32 to match size of target (8) File: C:/Users/johan/OneDrive - Universidad de Antioquia/Semestre VI/Elec. Digital II/Laboratorio/Digital_II/Practica_2/P2/multiplierunit.sv Line: 62
Info (278001): Inferred 1 megafunctions from design logic
    Info (278003): Inferred multiplier megafunction ("lpm_mult") from the following logic: "Mult0" File: C:/Users/johan/OneDrive - Universidad de Antioquia/Semestre VI/Elec. Digital II/Laboratorio/Digital_II/Practica_2/P2/multiplierunit.sv Line: 32
Info (12130): Elaborated megafunction instantiation "lpm_mult:Mult0" File: C:/Users/johan/OneDrive - Universidad de Antioquia/Semestre VI/Elec. Digital II/Laboratorio/Digital_II/Practica_2/P2/multiplierunit.sv Line: 32
Info (12133): Instantiated megafunction "lpm_mult:Mult0" with the following parameter: File: C:/Users/johan/OneDrive - Universidad de Antioquia/Semestre VI/Elec. Digital II/Laboratorio/Digital_II/Practica_2/P2/multiplierunit.sv Line: 32
    Info (12134): Parameter "LPM_WIDTHA" = "24"
    Info (12134): Parameter "LPM_WIDTHB" = "24"
    Info (12134): Parameter "LPM_WIDTHP" = "48"
    Info (12134): Parameter "LPM_WIDTHR" = "48"
    Info (12134): Parameter "LPM_WIDTHS" = "1"
    Info (12134): Parameter "LPM_REPRESENTATION" = "UNSIGNED"
    Info (12134): Parameter "INPUT_A_IS_CONSTANT" = "NO"
    Info (12134): Parameter "INPUT_B_IS_CONSTANT" = "NO"
    Info (12134): Parameter "MAXIMIZE_SPEED" = "5"
Info (12021): Found 1 design units, including 1 entities, in source file db/mult_1os.tdf
    Info (12023): Found entity 1: mult_1os File: C:/Users/johan/OneDrive - Universidad de Antioquia/Semestre VI/Elec. Digital II/Laboratorio/Digital_II/Practica_2/P2/db/mult_1os.tdf Line: 31
Info (13014): Ignored 153 buffer(s)
    Info (13019): Ignored 153 SOFT buffer(s)
Info (286030): Timing-Driven Synthesis is running
Info (144001): Generated suppressed messages file C:/Users/johan/OneDrive - Universidad de Antioquia/Semestre VI/Elec. Digital II/Laboratorio/Digital_II/Practica_2/P2/output_files/ALU.map.smsg
Info (16010): Generating hard_block partition "hard_block:auto_generated_inst"
    Info (16011): Adding 0 node(s), including 0 DDIO, 0 PLL, 0 transceiver and 0 LCELL
Info (21057): Implemented 253 device resources after synthesis - the final resource count might be different
    Info (21058): Implemented 64 input pins
    Info (21059): Implemented 32 output pins
    Info (21061): Implemented 150 logic cells
    Info (21062): Implemented 7 DSP elements
Info: Quartus Prime Analysis & Synthesis was successful. 0 errors, 3 warnings
    Info: Peak virtual memory: 4790 megabytes
    Info: Processing ended: Sat Sep 16 10:17:51 2023
    Info: Elapsed time: 00:00:14
    Info: Total CPU time (on all processors): 00:00:20


+------------------------------------------+
; Analysis & Synthesis Suppressed Messages ;
+------------------------------------------+
The suppressed messages can be found in C:/Users/johan/OneDrive - Universidad de Antioquia/Semestre VI/Elec. Digital II/Laboratorio/Digital_II/Practica_2/P2/output_files/ALU.map.smsg.


