Analysis & Synthesis report for Practica_1
Sat Aug 26 20:55:12 2023
Quartus Prime Version 22.1std.2 Build 922 07/20/2023 SC Lite Edition


---------------------
; Table of Contents ;
---------------------
  1. Legal Notice
  2. Analysis & Synthesis Summary
  3. Analysis & Synthesis Settings
  4. Parallel Compilation
  5. Analysis & Synthesis Source Files Read
  6. Analysis & Synthesis Resource Usage Summary
  7. Analysis & Synthesis Resource Utilization by Entity
  8. Registers Removed During Synthesis
  9. General Register Statistics
 10. Parameter Settings for User Entity Instance: Top-level Entity: |main
 11. Parameter Settings for User Entity Instance: cntdiv_n:cntDiv
 12. Parameter Settings for Inferred Entity Instance: lpm_divide:Mod0
 13. Parameter Settings for Inferred Entity Instance: lpm_divide:Div1
 14. Post-Synthesis Netlist Statistics for Top Partition
 15. Elapsed Time Per Partition
 16. Analysis & Synthesis Messages



----------------
; Legal Notice ;
----------------
Copyright (C) 2023  Intel Corporation. All rights reserved.
Your use of Intel Corporation's design tools, logic functions 
and other software and tools, and any partner logic 
functions, and any output files from any of the foregoing 
(including device programming or simulation files), and any 
associated documentation or information are expressly subject 
to the terms and conditions of the Intel Program License 
Subscription Agreement, the Intel Quartus Prime License Agreement,
the Intel FPGA IP License Agreement, or other applicable license
agreement, including, without limitation, that your use is for
the sole purpose of programming logic devices manufactured by
Intel and sold by Intel or its authorized distributors.  Please
refer to the applicable agreement for further details, at
https://fpgasoftware.intel.com/eula.



+-------------------------------------------------------------------------------------+
; Analysis & Synthesis Summary                                                        ;
+------------------------------------+------------------------------------------------+
; Analysis & Synthesis Status        ; Successful - Sat Aug 26 20:55:12 2023          ;
; Quartus Prime Version              ; 22.1std.2 Build 922 07/20/2023 SC Lite Edition ;
; Revision Name                      ; Practica_1                                     ;
; Top-level Entity Name              ; main                                           ;
; Family                             ; MAX 10                                         ;
; Total logic elements               ; 90                                             ;
;     Total combinational functions  ; 90                                             ;
;     Dedicated logic registers      ; 34                                             ;
; Total registers                    ; 34                                             ;
; Total pins                         ; 18                                             ;
; Total virtual pins                 ; 0                                              ;
; Total memory bits                  ; 0                                              ;
; Embedded Multiplier 9-bit elements ; 0                                              ;
; Total PLLs                         ; 0                                              ;
; UFM blocks                         ; 0                                              ;
; ADC blocks                         ; 0                                              ;
+------------------------------------+------------------------------------------------+


+------------------------------------------------------------------------------------------------------------+
; Analysis & Synthesis Settings                                                                              ;
+------------------------------------------------------------------+--------------------+--------------------+
; Option                                                           ; Setting            ; Default Value      ;
+------------------------------------------------------------------+--------------------+--------------------+
; Device                                                           ; 10M50DAF484C7G     ;                    ;
; Top-level entity name                                            ; main               ; Practica_1         ;
; Family name                                                      ; MAX 10             ; Cyclone V          ;
; Use smart compilation                                            ; Off                ; Off                ;
; Enable parallel Assembler and Timing Analyzer during compilation ; On                 ; On                 ;
; Enable compact report table                                      ; Off                ; Off                ;
; Restructure Multiplexers                                         ; Auto               ; Auto               ;
; Create Debugging Nodes for IP Cores                              ; Off                ; Off                ;
; Preserve fewer node names                                        ; On                 ; On                 ;
; Intel FPGA IP Evaluation Mode                                    ; Enable             ; Enable             ;
; Verilog Version                                                  ; Verilog_2001       ; Verilog_2001       ;
; VHDL Version                                                     ; VHDL_1993          ; VHDL_1993          ;
; State Machine Processing                                         ; Auto               ; Auto               ;
; Safe State Machine                                               ; Off                ; Off                ;
; Extract Verilog State Machines                                   ; On                 ; On                 ;
; Extract VHDL State Machines                                      ; On                 ; On                 ;
; Ignore Verilog initial constructs                                ; Off                ; Off                ;
; Iteration limit for constant Verilog loops                       ; 5000               ; 5000               ;
; Iteration limit for non-constant Verilog loops                   ; 250                ; 250                ;
; Add Pass-Through Logic to Inferred RAMs                          ; On                 ; On                 ;
; Infer RAMs from Raw Logic                                        ; On                 ; On                 ;
; Parallel Synthesis                                               ; On                 ; On                 ;
; DSP Block Balancing                                              ; Auto               ; Auto               ;
; NOT Gate Push-Back                                               ; On                 ; On                 ;
; Power-Up Don't Care                                              ; On                 ; On                 ;
; Remove Redundant Logic Cells                                     ; Off                ; Off                ;
; Remove Duplicate Registers                                       ; On                 ; On                 ;
; Ignore CARRY Buffers                                             ; Off                ; Off                ;
; Ignore CASCADE Buffers                                           ; Off                ; Off                ;
; Ignore GLOBAL Buffers                                            ; Off                ; Off                ;
; Ignore ROW GLOBAL Buffers                                        ; Off                ; Off                ;
; Ignore LCELL Buffers                                             ; Off                ; Off                ;
; Ignore SOFT Buffers                                              ; On                 ; On                 ;
; Limit AHDL Integers to 32 Bits                                   ; Off                ; Off                ;
; Optimization Technique                                           ; Balanced           ; Balanced           ;
; Carry Chain Length                                               ; 70                 ; 70                 ;
; Auto Carry Chains                                                ; On                 ; On                 ;
; Auto Open-Drain Pins                                             ; On                 ; On                 ;
; Perform WYSIWYG Primitive Resynthesis                            ; Off                ; Off                ;
; Auto ROM Replacement                                             ; On                 ; On                 ;
; Auto RAM Replacement                                             ; On                 ; On                 ;
; Auto DSP Block Replacement                                       ; On                 ; On                 ;
; Auto Shift Register Replacement                                  ; Auto               ; Auto               ;
; Allow Shift Register Merging across Hierarchies                  ; Auto               ; Auto               ;
; Auto Clock Enable Replacement                                    ; On                 ; On                 ;
; Strict RAM Replacement                                           ; Off                ; Off                ;
; Allow Synchronous Control Signals                                ; On                 ; On                 ;
; Force Use of Synchronous Clear Signals                           ; Off                ; Off                ;
; Auto RAM Block Balancing                                         ; On                 ; On                 ;
; Auto RAM to Logic Cell Conversion                                ; Off                ; Off                ;
; Auto Resource Sharing                                            ; Off                ; Off                ;
; Allow Any RAM Size For Recognition                               ; Off                ; Off                ;
; Allow Any ROM Size For Recognition                               ; Off                ; Off                ;
; Allow Any Shift Register Size For Recognition                    ; Off                ; Off                ;
; Use LogicLock Constraints during Resource Balancing              ; On                 ; On                 ;
; Ignore translate_off and synthesis_off directives                ; Off                ; Off                ;
; Timing-Driven Synthesis                                          ; On                 ; On                 ;
; Report Parameter Settings                                        ; On                 ; On                 ;
; Report Source Assignments                                        ; On                 ; On                 ;
; Report Connectivity Checks                                       ; On                 ; On                 ;
; Ignore Maximum Fan-Out Assignments                               ; Off                ; Off                ;
; Synchronization Register Chain Length                            ; 2                  ; 2                  ;
; Power Optimization During Synthesis                              ; Normal compilation ; Normal compilation ;
; HDL message level                                                ; Level2             ; Level2             ;
; Suppress Register Optimization Related Messages                  ; Off                ; Off                ;
; Number of Removed Registers Reported in Synthesis Report         ; 5000               ; 5000               ;
; Number of Swept Nodes Reported in Synthesis Report               ; 5000               ; 5000               ;
; Number of Inverted Registers Reported in Synthesis Report        ; 100                ; 100                ;
; Clock MUX Protection                                             ; On                 ; On                 ;
; Auto Gated Clock Conversion                                      ; Off                ; Off                ;
; Block Design Naming                                              ; Auto               ; Auto               ;
; SDC constraint protection                                        ; Off                ; Off                ;
; Synthesis Effort                                                 ; Auto               ; Auto               ;
; Shift Register Replacement - Allow Asynchronous Clear Signal     ; On                 ; On                 ;
; Pre-Mapping Resynthesis Optimization                             ; Off                ; Off                ;
; Analysis & Synthesis Message Level                               ; Medium             ; Medium             ;
; Disable Register Merging Across Hierarchies                      ; Auto               ; Auto               ;
; Resource Aware Inference For Block RAM                           ; On                 ; On                 ;
+------------------------------------------------------------------+--------------------+--------------------+


+------------------------------------------+
; Parallel Compilation                     ;
+----------------------------+-------------+
; Processors                 ; Number      ;
+----------------------------+-------------+
; Number detected on machine ; 8           ;
; Maximum allowed            ; 8           ;
;                            ;             ;
; Average used               ; 1.00        ;
; Maximum used               ; 8           ;
;                            ;             ;
; Usage by Processor         ; % Time Used ;
;     Processor 1            ; 100.0%      ;
;     Processor 2            ;   0.0%      ;
;     Processors 3-8         ;   0.0%      ;
+----------------------------+-------------+


+--------------------------------------------------------------------------------------------------------------------------------------------------------------------------------------------------------------------------------------------+
; Analysis & Synthesis Source Files Read                                                                                                                                                                                                     ;
+----------------------------------+-----------------+------------------------------+----------------------------------------------------------------------------------------------------------------------------------------------+---------+
; File Name with User-Entered Path ; Used in Netlist ; File Type                    ; File Name with Absolute Path                                                                                                                 ; Library ;
+----------------------------------+-----------------+------------------------------+----------------------------------------------------------------------------------------------------------------------------------------------+---------+
; deco7seg_hexa.sv                 ; yes             ; User SystemVerilog HDL File  ; C:/Users/johan/OneDrive - Universidad de Antioquia/Semestre VI/Elec. Digital II/Laboratorio/Digital_II/Practice_1/deco7seg_hexa.sv           ;         ;
; cntdiv_n.sv                      ; yes             ; User SystemVerilog HDL File  ; C:/Users/johan/OneDrive - Universidad de Antioquia/Semestre VI/Elec. Digital II/Laboratorio/Digital_II/Practice_1/cntdiv_n.sv                ;         ;
; main.sv                          ; yes             ; User SystemVerilog HDL File  ; C:/Users/johan/OneDrive - Universidad de Antioquia/Semestre VI/Elec. Digital II/Laboratorio/Digital_II/Practice_1/main.sv                    ;         ;
; lpm_divide.tdf                   ; yes             ; Megafunction                 ; c:/intelfpga_lite/22.1std/quartus/libraries/megafunctions/lpm_divide.tdf                                                                     ;         ;
; abs_divider.inc                  ; yes             ; Megafunction                 ; c:/intelfpga_lite/22.1std/quartus/libraries/megafunctions/abs_divider.inc                                                                    ;         ;
; sign_div_unsign.inc              ; yes             ; Megafunction                 ; c:/intelfpga_lite/22.1std/quartus/libraries/megafunctions/sign_div_unsign.inc                                                                ;         ;
; aglobal221.inc                   ; yes             ; Megafunction                 ; c:/intelfpga_lite/22.1std/quartus/libraries/megafunctions/aglobal221.inc                                                                     ;         ;
; db/lpm_divide_8kl.tdf            ; yes             ; Auto-Generated Megafunction  ; C:/Users/johan/OneDrive - Universidad de Antioquia/Semestre VI/Elec. Digital II/Laboratorio/Digital_II/Practice_1/db/lpm_divide_8kl.tdf      ;         ;
; db/sign_div_unsign_7kh.tdf       ; yes             ; Auto-Generated Megafunction  ; C:/Users/johan/OneDrive - Universidad de Antioquia/Semestre VI/Elec. Digital II/Laboratorio/Digital_II/Practice_1/db/sign_div_unsign_7kh.tdf ;         ;
; db/alt_u_div_oee.tdf             ; yes             ; Auto-Generated Megafunction  ; C:/Users/johan/OneDrive - Universidad de Antioquia/Semestre VI/Elec. Digital II/Laboratorio/Digital_II/Practice_1/db/alt_u_div_oee.tdf       ;         ;
; db/add_sub_t3c.tdf               ; yes             ; Auto-Generated Megafunction  ; C:/Users/johan/OneDrive - Universidad de Antioquia/Semestre VI/Elec. Digital II/Laboratorio/Digital_II/Practice_1/db/add_sub_t3c.tdf         ;         ;
; db/add_sub_u3c.tdf               ; yes             ; Auto-Generated Megafunction  ; C:/Users/johan/OneDrive - Universidad de Antioquia/Semestre VI/Elec. Digital II/Laboratorio/Digital_II/Practice_1/db/add_sub_u3c.tdf         ;         ;
; db/lpm_divide_5sl.tdf            ; yes             ; Auto-Generated Megafunction  ; C:/Users/johan/OneDrive - Universidad de Antioquia/Semestre VI/Elec. Digital II/Laboratorio/Digital_II/Practice_1/db/lpm_divide_5sl.tdf      ;         ;
+----------------------------------+-----------------+------------------------------+----------------------------------------------------------------------------------------------------------------------------------------------+---------+


+------------------------------------------------------------+
; Analysis & Synthesis Resource Usage Summary                ;
+---------------------------------------------+--------------+
; Resource                                    ; Usage        ;
+---------------------------------------------+--------------+
; Estimated Total logic elements              ; 90           ;
;                                             ;              ;
; Total combinational functions               ; 90           ;
; Logic element usage by number of LUT inputs ;              ;
;     -- 4 input functions                    ; 26           ;
;     -- 3 input functions                    ; 9            ;
;     -- <=2 input functions                  ; 55           ;
;                                             ;              ;
; Logic elements by mode                      ;              ;
;     -- normal mode                          ; 58           ;
;     -- arithmetic mode                      ; 32           ;
;                                             ;              ;
; Total registers                             ; 34           ;
;     -- Dedicated logic registers            ; 34           ;
;     -- I/O registers                        ; 0            ;
;                                             ;              ;
; I/O pins                                    ; 18           ;
;                                             ;              ;
; Embedded Multiplier 9-bit elements          ; 0            ;
;                                             ;              ;
; Maximum fan-out node                        ; nreset~input ;
; Maximum fan-out                             ; 42           ;
; Total fan-out                               ; 372          ;
; Average fan-out                             ; 2.33         ;
+---------------------------------------------+--------------+


+------------------------------------------------------------------------------------------------------------------------------------------------------------------------------------------------------------------------------------------------------------------------------------------------------------------------------------------+
; Analysis & Synthesis Resource Utilization by Entity                                                                                                                                                                                                                                                                                      ;
+----------------------------------------+---------------------+---------------------------+-------------+------------+--------------+---------+-----------+------+--------------+------------+-------------------------------------------------------------------------------------------------------+---------------------+--------------+
; Compilation Hierarchy Node             ; Combinational ALUTs ; Dedicated Logic Registers ; Memory Bits ; UFM Blocks ; DSP Elements ; DSP 9x9 ; DSP 18x18 ; Pins ; Virtual Pins ; ADC blocks ; Full Hierarchy Name                                                                                   ; Entity Name         ; Library Name ;
+----------------------------------------+---------------------+---------------------------+-------------+------------+--------------+---------+-----------+------+--------------+------------+-------------------------------------------------------------------------------------------------------+---------------------+--------------+
; |main                                  ; 90 (24)             ; 34 (8)                    ; 0           ; 0          ; 0            ; 0       ; 0         ; 18   ; 0            ; 0          ; |main                                                                                                 ; main                ; work         ;
;    |cntdiv_n:cntDiv|                   ; 50 (50)             ; 26 (26)                   ; 0           ; 0          ; 0            ; 0       ; 0         ; 0    ; 0            ; 0          ; |main|cntdiv_n:cntDiv                                                                                 ; cntdiv_n            ; work         ;
;    |deco7seg_hexa:deco0|               ; 7 (7)               ; 0 (0)                     ; 0           ; 0          ; 0            ; 0       ; 0         ; 0    ; 0            ; 0          ; |main|deco7seg_hexa:deco0                                                                             ; deco7seg_hexa       ; work         ;
;    |deco7seg_hexa:deco1|               ; 1 (1)               ; 0 (0)                     ; 0           ; 0          ; 0            ; 0       ; 0         ; 0    ; 0            ; 0          ; |main|deco7seg_hexa:deco1                                                                             ; deco7seg_hexa       ; work         ;
;    |lpm_divide:Div1|                   ; 4 (0)               ; 0 (0)                     ; 0           ; 0          ; 0            ; 0       ; 0         ; 0    ; 0            ; 0          ; |main|lpm_divide:Div1                                                                                 ; lpm_divide          ; work         ;
;       |lpm_divide_5sl:auto_generated|  ; 4 (0)               ; 0 (0)                     ; 0           ; 0          ; 0            ; 0       ; 0         ; 0    ; 0            ; 0          ; |main|lpm_divide:Div1|lpm_divide_5sl:auto_generated                                                   ; lpm_divide_5sl      ; work         ;
;          |sign_div_unsign_7kh:divider| ; 4 (0)               ; 0 (0)                     ; 0           ; 0          ; 0            ; 0       ; 0         ; 0    ; 0            ; 0          ; |main|lpm_divide:Div1|lpm_divide_5sl:auto_generated|sign_div_unsign_7kh:divider                       ; sign_div_unsign_7kh ; work         ;
;             |alt_u_div_oee:divider|    ; 4 (4)               ; 0 (0)                     ; 0           ; 0          ; 0            ; 0       ; 0         ; 0    ; 0            ; 0          ; |main|lpm_divide:Div1|lpm_divide_5sl:auto_generated|sign_div_unsign_7kh:divider|alt_u_div_oee:divider ; alt_u_div_oee       ; work         ;
;    |lpm_divide:Mod0|                   ; 4 (0)               ; 0 (0)                     ; 0           ; 0          ; 0            ; 0       ; 0         ; 0    ; 0            ; 0          ; |main|lpm_divide:Mod0                                                                                 ; lpm_divide          ; work         ;
;       |lpm_divide_8kl:auto_generated|  ; 4 (0)               ; 0 (0)                     ; 0           ; 0          ; 0            ; 0       ; 0         ; 0    ; 0            ; 0          ; |main|lpm_divide:Mod0|lpm_divide_8kl:auto_generated                                                   ; lpm_divide_8kl      ; work         ;
;          |sign_div_unsign_7kh:divider| ; 4 (0)               ; 0 (0)                     ; 0           ; 0          ; 0            ; 0       ; 0         ; 0    ; 0            ; 0          ; |main|lpm_divide:Mod0|lpm_divide_8kl:auto_generated|sign_div_unsign_7kh:divider                       ; sign_div_unsign_7kh ; work         ;
;             |alt_u_div_oee:divider|    ; 4 (4)               ; 0 (0)                     ; 0           ; 0          ; 0            ; 0       ; 0         ; 0    ; 0            ; 0          ; |main|lpm_divide:Mod0|lpm_divide_8kl:auto_generated|sign_div_unsign_7kh:divider|alt_u_div_oee:divider ; alt_u_div_oee       ; work         ;
+----------------------------------------+---------------------+---------------------------+-------------+------------+--------------+---------+-----------+------+--------------+------------+-------------------------------------------------------------------------------------------------------+---------------------+--------------+
Note: For table entries with two numbers listed, the numbers in parentheses indicate the number of resources of the given type used by the specific entity alone. The numbers listed outside of parentheses indicate the total resources of the given type used by the specific entity and all of its sub-entities in the hierarchy.


+------------------------------------------------------------+
; Registers Removed During Synthesis                         ;
+---------------------------------------+--------------------+
; Register name                         ; Reason for Removal ;
+---------------------------------------+--------------------+
; posNum[3]                             ; Lost fanout        ;
; Total Number of Removed Registers = 1 ;                    ;
+---------------------------------------+--------------------+


+------------------------------------------------------+
; General Register Statistics                          ;
+----------------------------------------------+-------+
; Statistic                                    ; Value ;
+----------------------------------------------+-------+
; Total registers                              ; 34    ;
; Number of registers using Synchronous Clear  ; 0     ;
; Number of registers using Synchronous Load   ; 0     ;
; Number of registers using Asynchronous Clear ; 33    ;
; Number of registers using Asynchronous Load  ; 0     ;
; Number of registers using Clock Enable       ; 7     ;
; Number of registers using Preset             ; 0     ;
+----------------------------------------------+-------+


+----------------------------------------------------------------------+
; Parameter Settings for User Entity Instance: Top-level Entity: |main ;
+----------------+----------+------------------------------------------+
; Parameter Name ; Value    ; Type                                     ;
+----------------+----------+------------------------------------------+
; fpga_f         ; 50000000 ; Signed Integer                           ;
; n              ; 4        ; Signed Integer                           ;
+----------------+----------+------------------------------------------+
Note: In order to hide this table in the UI and the text report file, please set the "Show Parameter Settings in Synthesis Report" option in "Analysis and Synthesis Settings -> More Settings" to "Off".


+--------------------------------------------------------------+
; Parameter Settings for User Entity Instance: cntdiv_n:cntDiv ;
+----------------+----------+----------------------------------+
; Parameter Name ; Value    ; Type                             ;
+----------------+----------+----------------------------------+
; TOPVALUE       ; 25000000 ; Signed Integer                   ;
+----------------+----------+----------------------------------+
Note: In order to hide this table in the UI and the text report file, please set the "Show Parameter Settings in Synthesis Report" option in "Analysis and Synthesis Settings -> More Settings" to "Off".


+------------------------------------------------------------------+
; Parameter Settings for Inferred Entity Instance: lpm_divide:Mod0 ;
+------------------------+----------------+------------------------+
; Parameter Name         ; Value          ; Type                   ;
+------------------------+----------------+------------------------+
; LPM_WIDTHN             ; 4              ; Untyped                ;
; LPM_WIDTHD             ; 4              ; Untyped                ;
; LPM_NREPRESENTATION    ; UNSIGNED       ; Untyped                ;
; LPM_DREPRESENTATION    ; UNSIGNED       ; Untyped                ;
; LPM_PIPELINE           ; 0              ; Untyped                ;
; LPM_REMAINDERPOSITIVE  ; TRUE           ; Untyped                ;
; MAXIMIZE_SPEED         ; 5              ; Untyped                ;
; CBXI_PARAMETER         ; lpm_divide_8kl ; Untyped                ;
; CARRY_CHAIN            ; MANUAL         ; Untyped                ;
; OPTIMIZE_FOR_SPEED     ; 5              ; Untyped                ;
; AUTO_CARRY_CHAINS      ; ON             ; AUTO_CARRY             ;
; IGNORE_CARRY_BUFFERS   ; OFF            ; IGNORE_CARRY           ;
; AUTO_CASCADE_CHAINS    ; ON             ; AUTO_CASCADE           ;
; IGNORE_CASCADE_BUFFERS ; OFF            ; IGNORE_CASCADE         ;
+------------------------+----------------+------------------------+
Note: In order to hide this table in the UI and the text report file, please set the "Show Parameter Settings in Synthesis Report" option in "Analysis and Synthesis Settings -> More Settings" to "Off".


+------------------------------------------------------------------+
; Parameter Settings for Inferred Entity Instance: lpm_divide:Div1 ;
+------------------------+----------------+------------------------+
; Parameter Name         ; Value          ; Type                   ;
+------------------------+----------------+------------------------+
; LPM_WIDTHN             ; 4              ; Untyped                ;
; LPM_WIDTHD             ; 4              ; Untyped                ;
; LPM_NREPRESENTATION    ; UNSIGNED       ; Untyped                ;
; LPM_DREPRESENTATION    ; UNSIGNED       ; Untyped                ;
; LPM_PIPELINE           ; 0              ; Untyped                ;
; LPM_REMAINDERPOSITIVE  ; TRUE           ; Untyped                ;
; MAXIMIZE_SPEED         ; 5              ; Untyped                ;
; CBXI_PARAMETER         ; lpm_divide_5sl ; Untyped                ;
; CARRY_CHAIN            ; MANUAL         ; Untyped                ;
; OPTIMIZE_FOR_SPEED     ; 5              ; Untyped                ;
; AUTO_CARRY_CHAINS      ; ON             ; AUTO_CARRY             ;
; IGNORE_CARRY_BUFFERS   ; OFF            ; IGNORE_CARRY           ;
; AUTO_CASCADE_CHAINS    ; ON             ; AUTO_CASCADE           ;
; IGNORE_CASCADE_BUFFERS ; OFF            ; IGNORE_CASCADE         ;
+------------------------+----------------+------------------------+
Note: In order to hide this table in the UI and the text report file, please set the "Show Parameter Settings in Synthesis Report" option in "Analysis and Synthesis Settings -> More Settings" to "Off".


+-----------------------------------------------------+
; Post-Synthesis Netlist Statistics for Top Partition ;
+-----------------------+-----------------------------+
; Type                  ; Count                       ;
+-----------------------+-----------------------------+
; boundary_port         ; 18                          ;
; cycloneiii_ff         ; 34                          ;
;     CLR               ; 26                          ;
;     ENA CLR           ; 7                           ;
;     plain             ; 1                           ;
; cycloneiii_lcell_comb ; 93                          ;
;     arith             ; 32                          ;
;         2 data inputs ; 31                          ;
;         3 data inputs ; 1                           ;
;     normal            ; 61                          ;
;         0 data inputs ; 4                           ;
;         1 data inputs ; 3                           ;
;         2 data inputs ; 20                          ;
;         3 data inputs ; 8                           ;
;         4 data inputs ; 26                          ;
;                       ;                             ;
; Max LUT depth         ; 7.10                        ;
; Average LUT depth     ; 4.09                        ;
+-----------------------+-----------------------------+


+-------------------------------+
; Elapsed Time Per Partition    ;
+----------------+--------------+
; Partition Name ; Elapsed Time ;
+----------------+--------------+
; Top            ; 00:00:01     ;
+----------------+--------------+


+-------------------------------+
; Analysis & Synthesis Messages ;
+-------------------------------+
Info: *******************************************************************
Info: Running Quartus Prime Analysis & Synthesis
    Info: Version 22.1std.2 Build 922 07/20/2023 SC Lite Edition
    Info: Processing started: Sat Aug 26 20:54:58 2023
Info: Command: quartus_map --read_settings_files=on --write_settings_files=off Practica_1 -c Practica_1
Warning (18236): Number of processors has not been specified which may cause overloading on shared machines.  Set the global assignment NUM_PARALLEL_PROCESSORS in your QSF to an appropriate value for best performance.
Info (20030): Parallel compilation is enabled and will use 8 of the 8 processors detected
Info (12021): Found 1 design units, including 1 entities, in source file deco7seg_hexa.sv
    Info (12023): Found entity 1: deco7seg_hexa File: C:/Users/johan/OneDrive - Universidad de Antioquia/Semestre VI/Elec. Digital II/Laboratorio/Digital_II/Practice_1/deco7seg_hexa.sv Line: 1
Info (12021): Found 1 design units, including 1 entities, in source file cntdiv_n.sv
    Info (12023): Found entity 1: cntdiv_n File: C:/Users/johan/OneDrive - Universidad de Antioquia/Semestre VI/Elec. Digital II/Laboratorio/Digital_II/Practice_1/cntdiv_n.sv Line: 1
Info (12021): Found 2 design units, including 2 entities, in source file main.sv
    Info (12023): Found entity 1: main File: C:/Users/johan/OneDrive - Universidad de Antioquia/Semestre VI/Elec. Digital II/Laboratorio/Digital_II/Practice_1/main.sv Line: 3
    Info (12023): Found entity 2: tb_main File: C:/Users/johan/OneDrive - Universidad de Antioquia/Semestre VI/Elec. Digital II/Laboratorio/Digital_II/Practice_1/main.sv Line: 93
Info (12127): Elaborating entity "main" for the top level hierarchy
Warning (10230): Verilog HDL assignment warning at main.sv(50): truncated value with size 32 to match size of target (1) File: C:/Users/johan/OneDrive - Universidad de Antioquia/Semestre VI/Elec. Digital II/Laboratorio/Digital_II/Practice_1/main.sv Line: 50
Warning (10230): Verilog HDL assignment warning at main.sv(54): truncated value with size 32 to match size of target (4) File: C:/Users/johan/OneDrive - Universidad de Antioquia/Semestre VI/Elec. Digital II/Laboratorio/Digital_II/Practice_1/main.sv Line: 54
Warning (10230): Verilog HDL assignment warning at main.sv(57): truncated value with size 32 to match size of target (4) File: C:/Users/johan/OneDrive - Universidad de Antioquia/Semestre VI/Elec. Digital II/Laboratorio/Digital_II/Practice_1/main.sv Line: 57
Warning (10230): Verilog HDL assignment warning at main.sv(63): truncated value with size 32 to match size of target (4) File: C:/Users/johan/OneDrive - Universidad de Antioquia/Semestre VI/Elec. Digital II/Laboratorio/Digital_II/Practice_1/main.sv Line: 63
Warning (10230): Verilog HDL assignment warning at main.sv(66): truncated value with size 32 to match size of target (4) File: C:/Users/johan/OneDrive - Universidad de Antioquia/Semestre VI/Elec. Digital II/Laboratorio/Digital_II/Practice_1/main.sv Line: 66
Warning (10230): Verilog HDL assignment warning at main.sv(85): truncated value with size 32 to match size of target (4) File: C:/Users/johan/OneDrive - Universidad de Antioquia/Semestre VI/Elec. Digital II/Laboratorio/Digital_II/Practice_1/main.sv Line: 85
Warning (10230): Verilog HDL assignment warning at main.sv(86): truncated value with size 32 to match size of target (4) File: C:/Users/johan/OneDrive - Universidad de Antioquia/Semestre VI/Elec. Digital II/Laboratorio/Digital_II/Practice_1/main.sv Line: 86
Info (12128): Elaborating entity "cntdiv_n" for hierarchy "cntdiv_n:cntDiv" File: C:/Users/johan/OneDrive - Universidad de Antioquia/Semestre VI/Elec. Digital II/Laboratorio/Digital_II/Practice_1/main.sv Line: 39
Warning (10230): Verilog HDL assignment warning at cntdiv_n.sv(20): truncated value with size 32 to match size of target (25) File: C:/Users/johan/OneDrive - Universidad de Antioquia/Semestre VI/Elec. Digital II/Laboratorio/Digital_II/Practice_1/cntdiv_n.sv Line: 20
Info (12128): Elaborating entity "deco7seg_hexa" for hierarchy "deco7seg_hexa:deco1" File: C:/Users/johan/OneDrive - Universidad de Antioquia/Semestre VI/Elec. Digital II/Laboratorio/Digital_II/Practice_1/main.sv Line: 77
Info (278001): Inferred 2 megafunctions from design logic
    Info (278004): Inferred divider/modulo megafunction ("lpm_divide") from the following logic: "Mod0" File: C:/Users/johan/OneDrive - Universidad de Antioquia/Semestre VI/Elec. Digital II/Laboratorio/Digital_II/Practice_1/main.sv Line: 86
    Info (278004): Inferred divider/modulo megafunction ("lpm_divide") from the following logic: "Div1" File: C:/Users/johan/OneDrive - Universidad de Antioquia/Semestre VI/Elec. Digital II/Laboratorio/Digital_II/Practice_1/main.sv Line: 85
Info (12130): Elaborated megafunction instantiation "lpm_divide:Mod0" File: C:/Users/johan/OneDrive - Universidad de Antioquia/Semestre VI/Elec. Digital II/Laboratorio/Digital_II/Practice_1/main.sv Line: 86
Info (12133): Instantiated megafunction "lpm_divide:Mod0" with the following parameter: File: C:/Users/johan/OneDrive - Universidad de Antioquia/Semestre VI/Elec. Digital II/Laboratorio/Digital_II/Practice_1/main.sv Line: 86
    Info (12134): Parameter "LPM_WIDTHN" = "4"
    Info (12134): Parameter "LPM_WIDTHD" = "4"
    Info (12134): Parameter "LPM_NREPRESENTATION" = "UNSIGNED"
    Info (12134): Parameter "LPM_DREPRESENTATION" = "UNSIGNED"
Info (12021): Found 1 design units, including 1 entities, in source file db/lpm_divide_8kl.tdf
    Info (12023): Found entity 1: lpm_divide_8kl File: C:/Users/johan/OneDrive - Universidad de Antioquia/Semestre VI/Elec. Digital II/Laboratorio/Digital_II/Practice_1/db/lpm_divide_8kl.tdf Line: 25
Info (12021): Found 1 design units, including 1 entities, in source file db/sign_div_unsign_7kh.tdf
    Info (12023): Found entity 1: sign_div_unsign_7kh File: C:/Users/johan/OneDrive - Universidad de Antioquia/Semestre VI/Elec. Digital II/Laboratorio/Digital_II/Practice_1/db/sign_div_unsign_7kh.tdf Line: 25
Info (12021): Found 1 design units, including 1 entities, in source file db/alt_u_div_oee.tdf
    Info (12023): Found entity 1: alt_u_div_oee File: C:/Users/johan/OneDrive - Universidad de Antioquia/Semestre VI/Elec. Digital II/Laboratorio/Digital_II/Practice_1/db/alt_u_div_oee.tdf Line: 27
Info (12021): Found 1 design units, including 1 entities, in source file db/add_sub_t3c.tdf
    Info (12023): Found entity 1: add_sub_t3c File: C:/Users/johan/OneDrive - Universidad de Antioquia/Semestre VI/Elec. Digital II/Laboratorio/Digital_II/Practice_1/db/add_sub_t3c.tdf Line: 23
Info (12021): Found 1 design units, including 1 entities, in source file db/add_sub_u3c.tdf
    Info (12023): Found entity 1: add_sub_u3c File: C:/Users/johan/OneDrive - Universidad de Antioquia/Semestre VI/Elec. Digital II/Laboratorio/Digital_II/Practice_1/db/add_sub_u3c.tdf Line: 23
Info (12130): Elaborated megafunction instantiation "lpm_divide:Div1" File: C:/Users/johan/OneDrive - Universidad de Antioquia/Semestre VI/Elec. Digital II/Laboratorio/Digital_II/Practice_1/main.sv Line: 85
Info (12133): Instantiated megafunction "lpm_divide:Div1" with the following parameter: File: C:/Users/johan/OneDrive - Universidad de Antioquia/Semestre VI/Elec. Digital II/Laboratorio/Digital_II/Practice_1/main.sv Line: 85
    Info (12134): Parameter "LPM_WIDTHN" = "4"
    Info (12134): Parameter "LPM_WIDTHD" = "4"
    Info (12134): Parameter "LPM_NREPRESENTATION" = "UNSIGNED"
    Info (12134): Parameter "LPM_DREPRESENTATION" = "UNSIGNED"
Info (12021): Found 1 design units, including 1 entities, in source file db/lpm_divide_5sl.tdf
    Info (12023): Found entity 1: lpm_divide_5sl File: C:/Users/johan/OneDrive - Universidad de Antioquia/Semestre VI/Elec. Digital II/Laboratorio/Digital_II/Practice_1/db/lpm_divide_5sl.tdf Line: 25
Warning (13004): Presettable and clearable registers converted to equivalent circuits with latches. Registers power-up to an undefined state, and DEVCLRn places the registers in an undefined state.
    Warning (13310): Register "numSeg[3]" is converted into an equivalent circuit using register "numSeg[3]~_emulated" and latch "numSeg[3]~1" File: C:/Users/johan/OneDrive - Universidad de Antioquia/Semestre VI/Elec. Digital II/Laboratorio/Digital_II/Practice_1/main.sv Line: 50
    Warning (13310): Register "numSeg[1]" is converted into an equivalent circuit using register "numSeg[1]~_emulated" and latch "numSeg[1]~5" File: C:/Users/johan/OneDrive - Universidad de Antioquia/Semestre VI/Elec. Digital II/Laboratorio/Digital_II/Practice_1/main.sv Line: 50
    Warning (13310): Register "numSeg[0]" is converted into an equivalent circuit using register "numSeg[0]~_emulated" and latch "numSeg[0]~9" File: C:/Users/johan/OneDrive - Universidad de Antioquia/Semestre VI/Elec. Digital II/Laboratorio/Digital_II/Practice_1/main.sv Line: 50
    Warning (13310): Register "numSeg[2]" is converted into an equivalent circuit using register "numSeg[2]~_emulated" and latch "numSeg[2]~13" File: C:/Users/johan/OneDrive - Universidad de Antioquia/Semestre VI/Elec. Digital II/Laboratorio/Digital_II/Practice_1/main.sv Line: 50
Warning (13024): Output pins are stuck at VCC or GND
    Warning (13410): Pin "seg1[1]" is stuck at GND File: C:/Users/johan/OneDrive - Universidad de Antioquia/Semestre VI/Elec. Digital II/Laboratorio/Digital_II/Practice_1/main.sv Line: 8
    Warning (13410): Pin "seg1[2]" is stuck at GND File: C:/Users/johan/OneDrive - Universidad de Antioquia/Semestre VI/Elec. Digital II/Laboratorio/Digital_II/Practice_1/main.sv Line: 8
Info (286030): Timing-Driven Synthesis is running
Info (17049): 1 registers lost all their fanouts during netlist optimizations.
Info (16010): Generating hard_block partition "hard_block:auto_generated_inst"
    Info (16011): Adding 0 node(s), including 0 DDIO, 0 PLL, 0 transceiver and 0 LCELL
Info (21057): Implemented 108 device resources after synthesis - the final resource count might be different
    Info (21058): Implemented 4 input pins
    Info (21059): Implemented 14 output pins
    Info (21061): Implemented 90 logic cells
Info: Quartus Prime Analysis & Synthesis was successful. 0 errors, 17 warnings
    Info: Peak virtual memory: 4813 megabytes
    Info: Processing ended: Sat Aug 26 20:55:12 2023
    Info: Elapsed time: 00:00:14
    Info: Total CPU time (on all processors): 00:00:32


